
In toplevel form:
drag-stuff.el:69:13:Warning: Package cl is deprecated

In drag-stuff--line-at-mark:
drag-stuff.el:106:8:Warning: reference to free variable ‘evilp’
drag-stuff.el:106:14:Warning: reference to free variable ‘evil-visual-mark’

In drag-stuff--line-at-point:
drag-stuff.el:111:8:Warning: reference to free variable ‘evilp’
drag-stuff.el:111:14:Warning: reference to free variable ‘evil-visual-point’

In drag-stuff--col-at-mark:
drag-stuff.el:115:7:Warning: reference to free variable ‘evilp’
drag-stuff.el:116:43:Warning: reference to free variable ‘evil-visual-mark’

In drag-stuff--col-at-point:
drag-stuff.el:121:7:Warning: reference to free variable ‘evilp’
drag-stuff.el:122:43:Warning: reference to free variable ‘evil-visual-point’

In drag-stuff-lines-vertically:
drag-stuff.el:230:14:Warning: ‘goto-line’ is for interactive use only; use
    ‘forward-line’ instead.
drag-stuff.el:237:19:Warning: reference to free variable ‘arg’
drag-stuff.el:235:6:Warning: ‘goto-line’ is for interactive use only; use
    ‘forward-line’ instead.

In drag-stuff-whole-lines-region:
drag-stuff.el:270:12:Warning: reference to free variable ‘evilp’

In end of data:
drag-stuff.el:365:1:Warning: the following functions are not known to be
    defined: evil-visual-state-p, longlines-mode, evil-visual-goto-end,
    evil-visual-type, evil-visual-make-selection, evil-visual-line,
    evil-exit-visual-state
